2018-07-07 14:59:48.327  INFO 99748 --- [main] com.hengaiw.Api                          : No active profile set, falling back to default profiles: default
2018-07-07 14:59:48.348  INFO 99748 --- [main] ationConfigEmbeddedWebApplicationContext : Refreshing org.springframework.boot.context.embedded.AnnotationConfigEmbeddedWebApplicationContext@4fc3c165: startup date [Sat Jul 07 14:59:48 CST 2018]; parent: org.springframework.context.annotation.AnnotationConfigApplicationContext@2cd76f31
2018-07-07 14:59:49.066  INFO 99748 --- [main] o.s.cloud.context.scope.GenericScope     : BeanFactory id=82054b6c-5786-30f8-aad7-67eb9d4bfd98
2018-07-07 14:59:49.081  INFO 99748 --- [main] f.a.AutowiredAnnotationBeanPostProcessor : JSR-330 'javax.inject.Inject' annotation found and supported for autowiring
2018-07-07 14:59:49.188  INFO 99748 --- [main] trationDelegate$BeanPostProcessorChecker : Bean 'org.springframework.cloud.autoconfigure.ConfigurationPropertiesRebinderAutoConfiguration' of type [org.springframework.cloud.autoconfigure.ConfigurationPropertiesRebinderAutoConfiguration$$EnhancerBySpringCGLIB$$9301a975] is not eligible for getting processed by all BeanPostProcessors (for example: not eligible for auto-proxying)
2018-07-07 14:59:49.783  INFO 99748 --- [main] s.b.c.e.t.TomcatEmbeddedServletContainer : Tomcat initialized with port(s): 8003 (http)
2018-07-07 14:59:49.796  INFO 99748 --- [main] o.apache.catalina.core.StandardService   : Starting service [Tomcat]
2018-07-07 14:59:49.797  INFO 99748 --- [main] org.apache.catalina.core.StandardEngine  : Starting Servlet Engine: Apache Tomcat/8.5.16
2018-07-07 14:59:49.949  INFO 99748 --- [localhost-startStop-1] o.a.c.c.C.[Tomcat].[localhost].[/]       : Initializing Spring embedded WebApplicationContext
2018-07-07 14:59:49.949  INFO 99748 --- [localhost-startStop-1] o.s.web.context.ContextLoader            : Root WebApplicationContext: initialization completed in 1601 ms
2018-07-07 14:59:50.216  INFO 99748 --- [localhost-startStop-1] o.s.b.w.servlet.ServletRegistrationBean  : Mapping servlet: 'dispatcherServlet' to [/]
2018-07-07 14:59:50.220  INFO 99748 --- [localhost-startStop-1] o.s.b.w.servlet.FilterRegistrationBean   : Mapping filter: 'characterEncodingFilter' to: [/*]
2018-07-07 14:59:50.221  INFO 99748 --- [localhost-startStop-1] o.s.b.w.servlet.FilterRegistrationBean   : Mapping filter: 'hiddenHttpMethodFilter' to: [/*]
2018-07-07 14:59:50.221  INFO 99748 --- [localhost-startStop-1] o.s.b.w.servlet.FilterRegistrationBean   : Mapping filter: 'httpPutFormContentFilter' to: [/*]
2018-07-07 14:59:50.221  INFO 99748 --- [localhost-startStop-1] o.s.b.w.servlet.FilterRegistrationBean   : Mapping filter: 'requestContextFilter' to: [/*]
2018-07-07 14:59:50.760  WARN 99748 --- [main] c.n.c.sources.URLConfigurationSource     : No URLs will be polled as dynamic configuration sources.
2018-07-07 14:59:50.760  INFO 99748 --- [main] c.n.c.sources.URLConfigurationSource     : To enable URLs as dynamic configuration sources, define System property archaius.configurationSource.additionalUrls or make config.properties available on classpath.
2018-07-07 14:59:50.767  WARN 99748 --- [main] c.n.c.sources.URLConfigurationSource     : No URLs will be polled as dynamic configuration sources.
2018-07-07 14:59:50.767  INFO 99748 --- [main] c.n.c.sources.URLConfigurationSource     : To enable URLs as dynamic configuration sources, define System property archaius.configurationSource.additionalUrls or make config.properties available on classpath.
2018-07-07 14:59:51.019  INFO 99748 --- [main] s.w.s.m.m.a.RequestMappingHandlerAdapter : Looking for @ControllerAdvice: org.springframework.boot.context.embedded.AnnotationConfigEmbeddedWebApplicationContext@4fc3c165: startup date [Sat Jul 07 14:59:48 CST 2018]; parent: org.springframework.context.annotation.AnnotationConfigApplicationContext@2cd76f31
2018-07-07 14:59:51.112  INFO 99748 --- [main] s.w.s.m.m.a.RequestMappingHandlerMapping : Mapped "{[/error]}" onto public org.springframework.http.ResponseEntity<java.util.Map<java.lang.String, java.lang.Object>> org.springframework.boot.autoconfigure.web.BasicErrorController.error(javax.servlet.http.HttpServletRequest)
2018-07-07 14:59:51.113  INFO 99748 --- [main] s.w.s.m.m.a.RequestMappingHandlerMapping : Mapped "{[/error],produces=[text/html]}" onto public org.springframework.web.servlet.ModelAndView org.springframework.boot.autoconfigure.web.BasicErrorController.errorHtml(javax.servlet.http.HttpServletRequest,javax.servlet.http.HttpServletResponse)
2018-07-07 14:59:51.208  INFO 99748 --- [main] o.s.w.s.handler.SimpleUrlHandlerMapping  : Mapped URL path [/webjars/**] onto handler of type [class org.springframework.web.servlet.resource.ResourceHttpRequestHandler]
2018-07-07 14:59:51.208  INFO 99748 --- [main] o.s.w.s.handler.SimpleUrlHandlerMapping  : Mapped URL path [/**] onto handler of type [class org.springframework.web.servlet.resource.ResourceHttpRequestHandler]
2018-07-07 14:59:51.262  INFO 99748 --- [main] o.s.w.s.handler.SimpleUrlHandlerMapping  : Mapped URL path [/**/favicon.ico] onto handler of type [class org.springframework.web.servlet.resource.ResourceHttpRequestHandler]
2018-07-07 14:59:51.684  INFO 99748 --- [main] com.netflix.discovery.DiscoveryClient    : Shutting down DiscoveryClient ...
2018-07-07 14:59:51.693  INFO 99748 --- [main] com.netflix.discovery.DiscoveryClient    : Completed shut down of DiscoveryClient
2018-07-07 14:59:51.787  INFO 99748 --- [main] o.s.j.e.a.AnnotationMBeanExporter        : Registering beans for JMX exposure on startup
2018-07-07 14:59:51.795  INFO 99748 --- [main] o.s.j.e.a.AnnotationMBeanExporter        : Bean with name 'environmentManager' has been autodetected for JMX exposure
2018-07-07 14:59:51.796  INFO 99748 --- [main] o.s.j.e.a.AnnotationMBeanExporter        : Bean with name 'configurationPropertiesRebinder' has been autodetected for JMX exposure
2018-07-07 14:59:51.797  INFO 99748 --- [main] o.s.j.e.a.AnnotationMBeanExporter        : Bean with name 'refreshScope' has been autodetected for JMX exposure
2018-07-07 14:59:51.800  INFO 99748 --- [main] o.s.j.e.a.AnnotationMBeanExporter        : Located managed bean 'environmentManager': registering with JMX server as MBean [org.springframework.cloud.context.environment:name=environmentManager,type=EnvironmentManager]
2018-07-07 14:59:51.811  INFO 99748 --- [main] o.s.j.e.a.AnnotationMBeanExporter        : Located managed bean 'refreshScope': registering with JMX server as MBean [org.springframework.cloud.context.scope.refresh:name=refreshScope,type=RefreshScope]
2018-07-07 14:59:51.819  INFO 99748 --- [main] o.s.j.e.a.AnnotationMBeanExporter        : Located managed bean 'configurationPropertiesRebinder': registering with JMX server as MBean [org.springframework.cloud.context.properties:name=configurationPropertiesRebinder,context=4fc3c165,type=ConfigurationPropertiesRebinder]
2018-07-07 14:59:51.985  INFO 99748 --- [main] o.s.c.support.DefaultLifecycleProcessor  : Starting beans in phase 0
2018-07-07 14:59:52.015  INFO 99748 --- [main] o.s.c.n.eureka.InstanceInfoFactory       : Setting initial instance status as: STARTING
2018-07-07 14:59:52.031  INFO 99748 --- [main] com.netflix.discovery.DiscoveryClient    : Initializing Eureka in region us-east-1
2018-07-07 14:59:52.034  INFO 99748 --- [main] c.n.d.provider.DiscoveryJerseyProvider   : Using JSON encoding codec LegacyJacksonJson
2018-07-07 14:59:52.034  INFO 99748 --- [main] c.n.d.provider.DiscoveryJerseyProvider   : Using JSON decoding codec LegacyJacksonJson
2018-07-07 14:59:52.034  INFO 99748 --- [main] c.n.d.provider.DiscoveryJerseyProvider   : Using XML encoding codec XStreamXml
2018-07-07 14:59:52.034  INFO 99748 --- [main] c.n.d.provider.DiscoveryJerseyProvider   : Using XML decoding codec XStreamXml
2018-07-07 14:59:52.084  INFO 99748 --- [main] c.n.d.s.r.aws.ConfigClusterResolver      : Resolving eureka endpoints via configuration
2018-07-07 14:59:52.085  INFO 99748 --- [main] com.netflix.discovery.DiscoveryClient    : Disable delta property : false
2018-07-07 14:59:52.085  INFO 99748 --- [main] com.netflix.discovery.DiscoveryClient    : Single vip registry refresh property : null
2018-07-07 14:59:52.085  INFO 99748 --- [main] com.netflix.discovery.DiscoveryClient    : Force full registry fetch : false
2018-07-07 14:59:52.086  INFO 99748 --- [main] com.netflix.discovery.DiscoveryClient    : Application is null : false
2018-07-07 14:59:52.086  INFO 99748 --- [main] com.netflix.discovery.DiscoveryClient    : Registered Applications size is zero : true
2018-07-07 14:59:52.086  INFO 99748 --- [main] com.netflix.discovery.DiscoveryClient    : Application version is -1: true
2018-07-07 14:59:52.086  INFO 99748 --- [main] com.netflix.discovery.DiscoveryClient    : Getting all instance registry info from the eureka server
2018-07-07 14:59:52.091  INFO 99748 --- [main] com.netflix.discovery.DiscoveryClient    : The response status is 200
2018-07-07 14:59:52.093  INFO 99748 --- [main] com.netflix.discovery.DiscoveryClient    : Starting heartbeat executor: renew interval is: 30
2018-07-07 14:59:52.096  INFO 99748 --- [main] c.n.discovery.InstanceInfoReplicator     : InstanceInfoReplicator onDemand update allowed rate per min is 4
2018-07-07 14:59:52.097  INFO 99748 --- [main] com.netflix.discovery.DiscoveryClient    : Discovery Client initialized at timestamp 1530946792097 with initial instances count: 1
2018-07-07 14:59:52.164  INFO 99748 --- [main] o.s.c.n.e.s.EurekaServiceRegistry        : Registering application HaApi with eureka with status UP
2018-07-07 14:59:52.165  INFO 99748 --- [main] com.netflix.discovery.DiscoveryClient    : Saw local status change event StatusChangeEvent [timestamp=1530946792165, current=UP, previous=STARTING]
2018-07-07 14:59:52.167  INFO 99748 --- [DiscoveryClient-InstanceInfoReplicator-0] com.netflix.discovery.DiscoveryClient    : DiscoveryClient_HAAPI/192.168.1.102:HaApi:8003: registering service...
2018-07-07 14:59:52.203  INFO 99748 --- [DiscoveryClient-InstanceInfoReplicator-0] com.netflix.discovery.DiscoveryClient    : DiscoveryClient_HAAPI/192.168.1.102:HaApi:8003 - registration status: 204
2018-07-07 14:59:52.237  INFO 99748 --- [main] s.b.c.e.t.TomcatEmbeddedServletContainer : Tomcat started on port(s): 8003 (http)
2018-07-07 14:59:52.238  INFO 99748 --- [main] .s.c.n.e.s.EurekaAutoServiceRegistration : Updating port to 8003
2018-07-07 14:59:52.242  INFO 99748 --- [main] com.hengaiw.Api                          : Started Api in 6.726 seconds (JVM running for 7.157)
2018-07-07 15:01:00.195  INFO 99748 --- [Thread-6] ationConfigEmbeddedWebApplicationContext : Closing org.springframework.boot.context.embedded.AnnotationConfigEmbeddedWebApplicationContext@4fc3c165: startup date [Sat Jul 07 14:59:48 CST 2018]; parent: org.springframework.context.annotation.AnnotationConfigApplicationContext@2cd76f31
2018-07-07 15:01:00.208  INFO 99748 --- [Thread-6] o.s.c.n.e.s.EurekaServiceRegistry        : Unregistering application HaApi with eureka with status DOWN
2018-07-07 15:01:00.208  WARN 99748 --- [Thread-6] com.netflix.discovery.DiscoveryClient    : Saw local status change event StatusChangeEvent [timestamp=1530946860208, current=DOWN, previous=UP]
2018-07-07 15:01:00.209  INFO 99748 --- [DiscoveryClient-InstanceInfoReplicator-0] com.netflix.discovery.DiscoveryClient    : DiscoveryClient_HAAPI/192.168.1.102:HaApi:8003: registering service...
2018-07-07 15:01:00.209  INFO 99748 --- [Thread-6] com.netflix.discovery.DiscoveryClient    : Shutting down DiscoveryClient ...
2018-07-07 15:01:00.210  INFO 99748 --- [Thread-6] com.netflix.discovery.DiscoveryClient    : Unregistering ...
2018-07-07 15:01:00.222 ERROR 99748 --- [DiscoveryClient-InstanceInfoReplicator-0] c.n.d.s.t.d.RedirectingEurekaHttpClient  : Request execution error

com.sun.jersey.api.client.ClientHandlerException: java.net.ConnectException: Connection refused (Connection refused)
	at com.sun.jersey.client.apache4.ApacheHttpClient4Handler.handle(ApacheHttpClient4Handler.java:187) ~[jersey-apache-client4-1.19.1.jar:1.19.1]
	at com.sun.jersey.api.client.filter.GZIPContentEncodingFilter.handle(GZIPContentEncodingFilter.java:123) ~[jersey-client-1.19.1.jar:1.19.1]
	at com.netflix.discovery.EurekaIdentityHeaderFilter.handle(EurekaIdentityHeaderFilter.java:27) ~[eureka-client-1.6.2.jar:1.6.2]
	at com.sun.jersey.api.client.Client.handle(Client.java:652) ~[jersey-client-1.19.1.jar:1.19.1]
	at com.sun.jersey.api.client.WebResource.handle(WebResource.java:682) ~[jersey-client-1.19.1.jar:1.19.1]
	at com.sun.jersey.api.client.WebResource.access$200(WebResource.java:74) ~[jersey-client-1.19.1.jar:1.19.1]
	at com.sun.jersey.api.client.WebResource$Builder.post(WebResource.java:570) ~[jersey-client-1.19.1.jar:1.19.1]
	at com.netflix.discovery.shared.transport.jersey.AbstractJerseyEurekaHttpClient.register(AbstractJerseyEurekaHttpClient.java:56) ~[eureka-client-1.6.2.jar:1.6.2]
	at com.netflix.discovery.shared.transport.decorator.EurekaHttpClientDecorator$1.execute(EurekaHttpClientDecorator.java:59) [eureka-client-1.6.2.jar:1.6.2]
	at com.netflix.discovery.shared.transport.decorator.MetricsCollectingEurekaHttpClient.execute(MetricsCollectingEurekaHttpClient.java:73) ~[eureka-client-1.6.2.jar:1.6.2]
	at com.netflix.discovery.shared.transport.decorator.EurekaHttpClientDecorator.register(EurekaHttpClientDecorator.java:56) [eureka-client-1.6.2.jar:1.6.2]
	at com.netflix.discovery.shared.transport.decorator.EurekaHttpClientDecorator$1.execute(EurekaHttpClientDecorator.java:59) [eureka-client-1.6.2.jar:1.6.2]
	at com.netflix.discovery.shared.transport.decorator.RedirectingEurekaHttpClient.execute(RedirectingEurekaHttpClient.java:89) ~[eureka-client-1.6.2.jar:1.6.2]
	at com.netflix.discovery.shared.transport.decorator.EurekaHttpClientDecorator.register(EurekaHttpClientDecorator.java:56) [eureka-client-1.6.2.jar:1.6.2]
	at com.netflix.discovery.shared.transport.decorator.EurekaHttpClientDecorator$1.execute(EurekaHttpClientDecorator.java:59) [eureka-client-1.6.2.jar:1.6.2]
	at com.netflix.discovery.shared.transport.decorator.RetryableEurekaHttpClient.execute(RetryableEurekaHttpClient.java:119) [eureka-client-1.6.2.jar:1.6.2]
	at com.netflix.discovery.shared.transport.decorator.EurekaHttpClientDecorator.register(EurekaHttpClientDecorator.java:56) [eureka-client-1.6.2.jar:1.6.2]
	at com.netflix.discovery.shared.transport.decorator.EurekaHttpClientDecorator$1.execute(EurekaHttpClientDecorator.java:59) [eureka-client-1.6.2.jar:1.6.2]
	at com.netflix.discovery.shared.transport.decorator.SessionedEurekaHttpClient.execute(SessionedEurekaHttpClient.java:77) [eureka-client-1.6.2.jar:1.6.2]
	at com.netflix.discovery.shared.transport.decorator.EurekaHttpClientDecorator.register(EurekaHttpClientDecorator.java:56) [eureka-client-1.6.2.jar:1.6.2]
	at com.netflix.discovery.DiscoveryClient.register(DiscoveryClient.java:798) [eureka-client-1.6.2.jar:1.6.2]
	at com.netflix.discovery.InstanceInfoReplicator.run(InstanceInfoReplicator.java:104) [eureka-client-1.6.2.jar:1.6.2]
	at com.netflix.discovery.InstanceInfoReplicator$1.run(InstanceInfoReplicator.java:88) [eureka-client-1.6.2.jar:1.6.2]
	at java.util.concurrent.Executors$RunnableAdapter.call(Executors.java:511) [na:1.8.0_121]
	at java.util.concurrent.FutureTask.run(FutureTask.java:266) [na:1.8.0_121]
	at java.util.concurrent.ScheduledThreadPoolExecutor$ScheduledFutureTask.access$201(ScheduledThreadPoolExecutor.java:180) [na:1.8.0_121]
	at java.util.concurrent.ScheduledThreadPoolExecutor$ScheduledFutureTask.run(ScheduledThreadPoolExecutor.java:293) [na:1.8.0_121]
	at java.util.concurrent.ThreadPoolExecutor.runWorker(ThreadPoolExecutor.java:1142) [na:1.8.0_121]
	at java.util.concurrent.ThreadPoolExecutor$Worker.run(ThreadPoolExecutor.java:617) [na:1.8.0_121]
	at java.lang.Thread.run(Thread.java:745) [na:1.8.0_121]
Caused by: java.net.ConnectException: Connection refused (Connection refused)
	at java.net.PlainSocketImpl.socketConnect(Native Method) ~[na:1.8.0_121]
	at java.net.AbstractPlainSocketImpl.doConnect(AbstractPlainSocketImpl.java:350) ~[na:1.8.0_121]
	at java.net.AbstractPlainSocketImpl.connectToAddress(AbstractPlainSocketImpl.java:206) ~[na:1.8.0_121]
	at java.net.AbstractPlainSocketImpl.connect(AbstractPlainSocketImpl.java:188) ~[na:1.8.0_121]
	at java.net.SocksSocketImpl.connect(SocksSocketImpl.java:392) ~[na:1.8.0_121]
	at java.net.Socket.connect(Socket.java:589) ~[na:1.8.0_121]
	at org.apache.http.conn.scheme.PlainSocketFactory.connectSocket(PlainSocketFactory.java:121) ~[httpclient-4.5.3.jar:4.5.3]
	at org.apache.http.impl.conn.DefaultClientConnectionOperator.openConnection(DefaultClientConnectionOperator.java:180) ~[httpclient-4.5.3.jar:4.5.3]
	at org.apache.http.impl.conn.AbstractPoolEntry.open(AbstractPoolEntry.java:144) ~[httpclient-4.5.3.jar:4.5.3]
	at org.apache.http.impl.conn.AbstractPooledConnAdapter.open(AbstractPooledConnAdapter.java:134) ~[httpclient-4.5.3.jar:4.5.3]
	at org.apache.http.impl.client.DefaultRequestDirector.tryConnect(DefaultRequestDirector.java:610) ~[httpclient-4.5.3.jar:4.5.3]
	at org.apache.http.impl.client.DefaultRequestDirector.execute(DefaultRequestDirector.java:445) ~[httpclient-4.5.3.jar:4.5.3]
	at org.apache.http.impl.client.AbstractHttpClient.doExecute(AbstractHttpClient.java:835) ~[httpclient-4.5.3.jar:4.5.3]
	at org.apache.http.impl.client.CloseableHttpClient.execute(CloseableHttpClient.java:118) ~[httpclient-4.5.3.jar:4.5.3]
	at org.apache.http.impl.client.CloseableHttpClient.execute(CloseableHttpClient.java:56) ~[httpclient-4.5.3.jar:4.5.3]
	at com.sun.jersey.client.apache4.ApacheHttpClient4Handler.handle(ApacheHttpClient4Handler.java:173) ~[jersey-apache-client4-1.19.1.jar:1.19.1]
	... 29 common frames omitted

2018-07-07 15:01:00.223 ERROR 99748 --- [Thread-6] c.n.d.s.t.d.RedirectingEurekaHttpClient  : Request execution error

com.sun.jersey.api.client.ClientHandlerException: java.net.ConnectException: Connection refused (Connection refused)
	at com.sun.jersey.client.apache4.ApacheHttpClient4Handler.handle(ApacheHttpClient4Handler.java:187) ~[jersey-apache-client4-1.19.1.jar:1.19.1]
	at com.sun.jersey.api.client.filter.GZIPContentEncodingFilter.handle(GZIPContentEncodingFilter.java:123) ~[jersey-client-1.19.1.jar:1.19.1]
	at com.netflix.discovery.EurekaIdentityHeaderFilter.handle(EurekaIdentityHeaderFilter.java:27) ~[eureka-client-1.6.2.jar:1.6.2]
	at com.sun.jersey.api.client.Client.handle(Client.java:652) ~[jersey-client-1.19.1.jar:1.19.1]
	at com.sun.jersey.api.client.WebResource.handle(WebResource.java:682) ~[jersey-client-1.19.1.jar:1.19.1]
	at com.sun.jersey.api.client.WebResource.access$200(WebResource.java:74) ~[jersey-client-1.19.1.jar:1.19.1]
	at com.sun.jersey.api.client.WebResource$Builder.delete(WebResource.java:591) ~[jersey-client-1.19.1.jar:1.19.1]
	at com.netflix.discovery.shared.transport.jersey.AbstractJerseyEurekaHttpClient.cancel(AbstractJerseyEurekaHttpClient.java:76) ~[eureka-client-1.6.2.jar:1.6.2]
	at com.netflix.discovery.shared.transport.decorator.EurekaHttpClientDecorator$2.execute(EurekaHttpClientDecorator.java:74) [eureka-client-1.6.2.jar:1.6.2]
	at com.netflix.discovery.shared.transport.decorator.MetricsCollectingEurekaHttpClient.execute(MetricsCollectingEurekaHttpClient.java:73) ~[eureka-client-1.6.2.jar:1.6.2]
	at com.netflix.discovery.shared.transport.decorator.EurekaHttpClientDecorator.cancel(EurekaHttpClientDecorator.java:71) [eureka-client-1.6.2.jar:1.6.2]
	at com.netflix.discovery.shared.transport.decorator.EurekaHttpClientDecorator$2.execute(EurekaHttpClientDecorator.java:74) [eureka-client-1.6.2.jar:1.6.2]
	at com.netflix.discovery.shared.transport.decorator.RedirectingEurekaHttpClient.execute(RedirectingEurekaHttpClient.java:89) ~[eureka-client-1.6.2.jar:1.6.2]
	at com.netflix.discovery.shared.transport.decorator.EurekaHttpClientDecorator.cancel(EurekaHttpClientDecorator.java:71) [eureka-client-1.6.2.jar:1.6.2]
	at com.netflix.discovery.shared.transport.decorator.EurekaHttpClientDecorator$2.execute(EurekaHttpClientDecorator.java:74) [eureka-client-1.6.2.jar:1.6.2]
	at com.netflix.discovery.shared.transport.decorator.RetryableEurekaHttpClient.execute(RetryableEurekaHttpClient.java:119) [eureka-client-1.6.2.jar:1.6.2]
	at com.netflix.discovery.shared.transport.decorator.EurekaHttpClientDecorator.cancel(EurekaHttpClientDecorator.java:71) [eureka-client-1.6.2.jar:1.6.2]
	at com.netflix.discovery.shared.transport.decorator.EurekaHttpClientDecorator$2.execute(EurekaHttpClientDecorator.java:74) [eureka-client-1.6.2.jar:1.6.2]
	at com.netflix.discovery.shared.transport.decorator.SessionedEurekaHttpClient.execute(SessionedEurekaHttpClient.java:77) [eureka-client-1.6.2.jar:1.6.2]
	at com.netflix.discovery.shared.transport.decorator.EurekaHttpClientDecorator.cancel(EurekaHttpClientDecorator.java:71) [eureka-client-1.6.2.jar:1.6.2]
	at com.netflix.discovery.DiscoveryClient.unregister(DiscoveryClient.java:885) [eureka-client-1.6.2.jar:1.6.2]
	at com.netflix.discovery.DiscoveryClient.shutdown(DiscoveryClient.java:863) [eureka-client-1.6.2.jar:1.6.2]
	at com.netflix.discovery.DiscoveryClient$$FastClassBySpringCGLIB$$a84c8cb4.invoke(<generated>) [eureka-client-1.6.2.jar:1.6.2]
	at org.springframework.cglib.proxy.MethodProxy.invoke(MethodProxy.java:204) [spring-core-4.3.10.RELEASE.jar:4.3.10.RELEASE]
	at org.springframework.aop.framework.CglibAopProxy$CglibMethodInvocation.invokeJoinpoint(CglibAopProxy.java:738) [spring-aop-4.3.10.RELEASE.jar:4.3.10.RELEASE]
	at org.springframework.aop.framework.ReflectiveMethodInvocation.proceed(ReflectiveMethodInvocation.java:157) [spring-aop-4.3.10.RELEASE.jar:4.3.10.RELEASE]
	at org.springframework.cloud.context.config.StandardBeanLifecycleDecorator$2.invoke(StandardBeanLifecycleDecorator.java:85) [spring-cloud-context-1.2.3.RELEASE.jar:1.2.3.RELEASE]
	at org.springframework.aop.framework.ReflectiveMethodInvocation.proceed(ReflectiveMethodInvocation.java:179) [spring-aop-4.3.10.RELEASE.jar:4.3.10.RELEASE]
	at org.springframework.aop.framework.CglibAopProxy$DynamicAdvisedInterceptor.intercept(CglibAopProxy.java:673) [spring-aop-4.3.10.RELEASE.jar:4.3.10.RELEASE]
	at org.springframework.cloud.netflix.eureka.CloudEurekaClient$$EnhancerBySpringCGLIB$$6ca771b8.shutdown(<generated>) [spring-cloud-netflix-eureka-client-1.3.2.RELEASE.jar:1.3.2.RELEASE]
	at org.springframework.cloud.netflix.eureka.serviceregistry.EurekaServiceRegistry.deregister(EurekaServiceRegistry.java:71) [spring-cloud-netflix-eureka-client-1.3.2.RELEASE.jar:1.3.2.RELEASE]
	at org.springframework.cloud.netflix.eureka.serviceregistry.EurekaAutoServiceRegistration.stop(EurekaAutoServiceRegistration.java:82) [spring-cloud-netflix-eureka-client-1.3.2.RELEASE.jar:1.3.2.RELEASE]
	at org.springframework.cloud.netflix.eureka.serviceregistry.EurekaAutoServiceRegistration.onApplicationEvent(EurekaAutoServiceRegistration.java:126) [spring-cloud-netflix-eureka-client-1.3.2.RELEASE.jar:1.3.2.RELEASE]
	at sun.reflect.NativeMethodAccessorImpl.invoke0(Native Method) ~[na:1.8.0_121]
	at sun.reflect.NativeMethodAccessorImpl.invoke(NativeMethodAccessorImpl.java:62) ~[na:1.8.0_121]
	at sun.reflect.DelegatingMethodAccessorImpl.invoke(DelegatingMethodAccessorImpl.java:43) ~[na:1.8.0_121]
	at java.lang.reflect.Method.invoke(Method.java:498) ~[na:1.8.0_121]
	at org.springframework.context.event.ApplicationListenerMethodAdapter.doInvoke(ApplicationListenerMethodAdapter.java:256) [spring-context-4.3.10.RELEASE.jar:4.3.10.RELEASE]
	at org.springframework.context.event.ApplicationListenerMethodAdapter.processEvent(ApplicationListenerMethodAdapter.java:177) [spring-context-4.3.10.RELEASE.jar:4.3.10.RELEASE]
	at org.springframework.context.event.ApplicationListenerMethodAdapter.onApplicationEvent(ApplicationListenerMethodAdapter.java:140) [spring-context-4.3.10.RELEASE.jar:4.3.10.RELEASE]
	at org.springframework.context.event.SimpleApplicationEventMulticaster.invokeListener(SimpleApplicationEventMulticaster.java:167) [spring-context-4.3.10.RELEASE.jar:4.3.10.RELEASE]
	at org.springframework.context.event.SimpleApplicationEventMulticaster.multicastEvent(SimpleApplicationEventMulticaster.java:139) [spring-context-4.3.10.RELEASE.jar:4.3.10.RELEASE]
	at org.springframework.context.support.AbstractApplicationContext.publishEvent(AbstractApplicationContext.java:393) [spring-context-4.3.10.RELEASE.jar:4.3.10.RELEASE]
	at org.springframework.context.support.AbstractApplicationContext.publishEvent(AbstractApplicationContext.java:347) [spring-context-4.3.10.RELEASE.jar:4.3.10.RELEASE]
	at org.springframework.context.support.AbstractApplicationContext.doClose(AbstractApplicationContext.java:991) [spring-context-4.3.10.RELEASE.jar:4.3.10.RELEASE]
	at org.springframework.context.support.AbstractApplicationContext$2.run(AbstractApplicationContext.java:929) [spring-context-4.3.10.RELEASE.jar:4.3.10.RELEASE]
Caused by: java.net.ConnectException: Connection refused (Connection refused)
	at java.net.PlainSocketImpl.socketConnect(Native Method) ~[na:1.8.0_121]
	at java.net.AbstractPlainSocketImpl.doConnect(AbstractPlainSocketImpl.java:350) ~[na:1.8.0_121]
	at java.net.AbstractPlainSocketImpl.connectToAddress(AbstractPlainSocketImpl.java:206) ~[na:1.8.0_121]
	at java.net.AbstractPlainSocketImpl.connect(AbstractPlainSocketImpl.java:188) ~[na:1.8.0_121]
	at java.net.SocksSocketImpl.connect(SocksSocketImpl.java:392) ~[na:1.8.0_121]
	at java.net.Socket.connect(Socket.java:589) ~[na:1.8.0_121]
	at org.apache.http.conn.scheme.PlainSocketFactory.connectSocket(PlainSocketFactory.java:121) ~[httpclient-4.5.3.jar:4.5.3]
	at org.apache.http.impl.conn.DefaultClientConnectionOperator.openConnection(DefaultClientConnectionOperator.java:180) ~[httpclient-4.5.3.jar:4.5.3]
	at org.apache.http.impl.conn.AbstractPoolEntry.open(AbstractPoolEntry.java:144) ~[httpclient-4.5.3.jar:4.5.3]
	at org.apache.http.impl.conn.AbstractPooledConnAdapter.open(AbstractPooledConnAdapter.java:134) ~[httpclient-4.5.3.jar:4.5.3]
	at org.apache.http.impl.client.DefaultRequestDirector.tryConnect(DefaultRequestDirector.java:610) ~[httpclient-4.5.3.jar:4.5.3]
	at org.apache.http.impl.client.DefaultRequestDirector.execute(DefaultRequestDirector.java:445) ~[httpclient-4.5.3.jar:4.5.3]
	at org.apache.http.impl.client.AbstractHttpClient.doExecute(AbstractHttpClient.java:835) ~[httpclient-4.5.3.jar:4.5.3]
	at org.apache.http.impl.client.CloseableHttpClient.execute(CloseableHttpClient.java:118) ~[httpclient-4.5.3.jar:4.5.3]
	at org.apache.http.impl.client.CloseableHttpClient.execute(CloseableHttpClient.java:56) ~[httpclient-4.5.3.jar:4.5.3]
	at com.sun.jersey.client.apache4.ApacheHttpClient4Handler.handle(ApacheHttpClient4Handler.java:173) ~[jersey-apache-client4-1.19.1.jar:1.19.1]
	... 45 common frames omitted

2018-07-07 15:01:00.224  WARN 99748 --- [DiscoveryClient-InstanceInfoReplicator-0] c.n.d.s.t.d.RetryableEurekaHttpClient    : Request execution failed with message: java.net.ConnectException: Connection refused (Connection refused)
2018-07-07 15:01:00.224  WARN 99748 --- [Thread-6] c.n.d.s.t.d.RetryableEurekaHttpClient    : Request execution failed with message: java.net.ConnectException: Connection refused (Connection refused)
2018-07-07 15:01:00.226 ERROR 99748 --- [DiscoveryClient-InstanceInfoReplicator-0] c.n.d.s.t.d.RedirectingEurekaHttpClient  : Request execution error

com.sun.jersey.api.client.ClientHandlerException: java.net.ConnectException: Connection refused (Connection refused)
	at com.sun.jersey.client.apache4.ApacheHttpClient4Handler.handle(ApacheHttpClient4Handler.java:187) ~[jersey-apache-client4-1.19.1.jar:1.19.1]
	at com.sun.jersey.api.client.filter.GZIPContentEncodingFilter.handle(GZIPContentEncodingFilter.java:123) ~[jersey-client-1.19.1.jar:1.19.1]
	at com.netflix.discovery.EurekaIdentityHeaderFilter.handle(EurekaIdentityHeaderFilter.java:27) ~[eureka-client-1.6.2.jar:1.6.2]
	at com.sun.jersey.api.client.Client.handle(Client.java:652) ~[jersey-client-1.19.1.jar:1.19.1]
	at com.sun.jersey.api.client.WebResource.handle(WebResource.java:682) ~[jersey-client-1.19.1.jar:1.19.1]
	at com.sun.jersey.api.client.WebResource.access$200(WebResource.java:74) ~[jersey-client-1.19.1.jar:1.19.1]
	at com.sun.jersey.api.client.WebResource$Builder.post(WebResource.java:570) ~[jersey-client-1.19.1.jar:1.19.1]
	at com.netflix.discovery.shared.transport.jersey.AbstractJerseyEurekaHttpClient.register(AbstractJerseyEurekaHttpClient.java:56) ~[eureka-client-1.6.2.jar:1.6.2]
	at com.netflix.discovery.shared.transport.decorator.EurekaHttpClientDecorator$1.execute(EurekaHttpClientDecorator.java:59) [eureka-client-1.6.2.jar:1.6.2]
	at com.netflix.discovery.shared.transport.decorator.MetricsCollectingEurekaHttpClient.execute(MetricsCollectingEurekaHttpClient.java:73) ~[eureka-client-1.6.2.jar:1.6.2]
	at com.netflix.discovery.shared.transport.decorator.EurekaHttpClientDecorator.register(EurekaHttpClientDecorator.java:56) [eureka-client-1.6.2.jar:1.6.2]
	at com.netflix.discovery.shared.transport.decorator.EurekaHttpClientDecorator$1.execute(EurekaHttpClientDecorator.java:59) [eureka-client-1.6.2.jar:1.6.2]
	at com.netflix.discovery.shared.transport.decorator.RedirectingEurekaHttpClient.executeOnNewServer(RedirectingEurekaHttpClient.java:118) ~[eureka-client-1.6.2.jar:1.6.2]
	at com.netflix.discovery.shared.transport.decorator.RedirectingEurekaHttpClient.execute(RedirectingEurekaHttpClient.java:79) ~[eureka-client-1.6.2.jar:1.6.2]
	at com.netflix.discovery.shared.transport.decorator.EurekaHttpClientDecorator.register(EurekaHttpClientDecorator.java:56) [eureka-client-1.6.2.jar:1.6.2]
	at com.netflix.discovery.shared.transport.decorator.EurekaHttpClientDecorator$1.execute(EurekaHttpClientDecorator.java:59) [eureka-client-1.6.2.jar:1.6.2]
	at com.netflix.discovery.shared.transport.decorator.RetryableEurekaHttpClient.execute(RetryableEurekaHttpClient.java:119) [eureka-client-1.6.2.jar:1.6.2]
	at com.netflix.discovery.shared.transport.decorator.EurekaHttpClientDecorator.register(EurekaHttpClientDecorator.java:56) [eureka-client-1.6.2.jar:1.6.2]
	at com.netflix.discovery.shared.transport.decorator.EurekaHttpClientDecorator$1.execute(EurekaHttpClientDecorator.java:59) [eureka-client-1.6.2.jar:1.6.2]
	at com.netflix.discovery.shared.transport.decorator.SessionedEurekaHttpClient.execute(SessionedEurekaHttpClient.java:77) [eureka-client-1.6.2.jar:1.6.2]
	at com.netflix.discovery.shared.transport.decorator.EurekaHttpClientDecorator.register(EurekaHttpClientDecorator.java:56) [eureka-client-1.6.2.jar:1.6.2]
	at com.netflix.discovery.DiscoveryClient.register(DiscoveryClient.java:798) [eureka-client-1.6.2.jar:1.6.2]
	at com.netflix.discovery.InstanceInfoReplicator.run(InstanceInfoReplicator.java:104) [eureka-client-1.6.2.jar:1.6.2]
	at com.netflix.discovery.InstanceInfoReplicator$1.run(InstanceInfoReplicator.java:88) [eureka-client-1.6.2.jar:1.6.2]
	at java.util.concurrent.Executors$RunnableAdapter.call(Executors.java:511) [na:1.8.0_121]
	at java.util.concurrent.FutureTask.run(FutureTask.java:266) [na:1.8.0_121]
	at java.util.concurrent.ScheduledThreadPoolExecutor$ScheduledFutureTask.access$201(ScheduledThreadPoolExecutor.java:180) [na:1.8.0_121]
	at java.util.concurrent.ScheduledThreadPoolExecutor$ScheduledFutureTask.run(ScheduledThreadPoolExecutor.java:293) [na:1.8.0_121]
	at java.util.concurrent.ThreadPoolExecutor.runWorker(ThreadPoolExecutor.java:1142) [na:1.8.0_121]
	at java.util.concurrent.ThreadPoolExecutor$Worker.run(ThreadPoolExecutor.java:617) [na:1.8.0_121]
	at java.lang.Thread.run(Thread.java:745) [na:1.8.0_121]
Caused by: java.net.ConnectException: Connection refused (Connection refused)
	at java.net.PlainSocketImpl.socketConnect(Native Method) ~[na:1.8.0_121]
	at java.net.AbstractPlainSocketImpl.doConnect(AbstractPlainSocketImpl.java:350) ~[na:1.8.0_121]
	at java.net.AbstractPlainSocketImpl.connectToAddress(AbstractPlainSocketImpl.java:206) ~[na:1.8.0_121]
	at java.net.AbstractPlainSocketImpl.connect(AbstractPlainSocketImpl.java:188) ~[na:1.8.0_121]
	at java.net.SocksSocketImpl.connect(SocksSocketImpl.java:392) ~[na:1.8.0_121]
	at java.net.Socket.connect(Socket.java:589) ~[na:1.8.0_121]
	at org.apache.http.conn.scheme.PlainSocketFactory.connectSocket(PlainSocketFactory.java:121) ~[httpclient-4.5.3.jar:4.5.3]
	at org.apache.http.impl.conn.DefaultClientConnectionOperator.openConnection(DefaultClientConnectionOperator.java:180) ~[httpclient-4.5.3.jar:4.5.3]
	at org.apache.http.impl.conn.AbstractPoolEntry.open(AbstractPoolEntry.java:144) ~[httpclient-4.5.3.jar:4.5.3]
	at org.apache.http.impl.conn.AbstractPooledConnAdapter.open(AbstractPooledConnAdapter.java:134) ~[httpclient-4.5.3.jar:4.5.3]
	at org.apache.http.impl.client.DefaultRequestDirector.tryConnect(DefaultRequestDirector.java:610) ~[httpclient-4.5.3.jar:4.5.3]
	at org.apache.http.impl.client.DefaultRequestDirector.execute(DefaultRequestDirector.java:445) ~[httpclient-4.5.3.jar:4.5.3]
	at org.apache.http.impl.client.AbstractHttpClient.doExecute(AbstractHttpClient.java:835) ~[httpclient-4.5.3.jar:4.5.3]
	at org.apache.http.impl.client.CloseableHttpClient.execute(CloseableHttpClient.java:118) ~[httpclient-4.5.3.jar:4.5.3]
	at org.apache.http.impl.client.CloseableHttpClient.execute(CloseableHttpClient.java:56) ~[httpclient-4.5.3.jar:4.5.3]
	at com.sun.jersey.client.apache4.ApacheHttpClient4Handler.handle(ApacheHttpClient4Handler.java:173) ~[jersey-apache-client4-1.19.1.jar:1.19.1]
	... 30 common frames omitted

2018-07-07 15:01:00.226 ERROR 99748 --- [Thread-6] c.n.d.s.t.d.RedirectingEurekaHttpClient  : Request execution error

com.sun.jersey.api.client.ClientHandlerException: java.net.ConnectException: Connection refused (Connection refused)
	at com.sun.jersey.client.apache4.ApacheHttpClient4Handler.handle(ApacheHttpClient4Handler.java:187) ~[jersey-apache-client4-1.19.1.jar:1.19.1]
	at com.sun.jersey.api.client.filter.GZIPContentEncodingFilter.handle(GZIPContentEncodingFilter.java:123) ~[jersey-client-1.19.1.jar:1.19.1]
	at com.netflix.discovery.EurekaIdentityHeaderFilter.handle(EurekaIdentityHeaderFilter.java:27) ~[eureka-client-1.6.2.jar:1.6.2]
	at com.sun.jersey.api.client.Client.handle(Client.java:652) ~[jersey-client-1.19.1.jar:1.19.1]
	at com.sun.jersey.api.client.WebResource.handle(WebResource.java:682) ~[jersey-client-1.19.1.jar:1.19.1]
	at com.sun.jersey.api.client.WebResource.access$200(WebResource.java:74) ~[jersey-client-1.19.1.jar:1.19.1]
	at com.sun.jersey.api.client.WebResource$Builder.delete(WebResource.java:591) ~[jersey-client-1.19.1.jar:1.19.1]
	at com.netflix.discovery.shared.transport.jersey.AbstractJerseyEurekaHttpClient.cancel(AbstractJerseyEurekaHttpClient.java:76) ~[eureka-client-1.6.2.jar:1.6.2]
	at com.netflix.discovery.shared.transport.decorator.EurekaHttpClientDecorator$2.execute(EurekaHttpClientDecorator.java:74) [eureka-client-1.6.2.jar:1.6.2]
	at com.netflix.discovery.shared.transport.decorator.MetricsCollectingEurekaHttpClient.execute(MetricsCollectingEurekaHttpClient.java:73) ~[eureka-client-1.6.2.jar:1.6.2]
	at com.netflix.discovery.shared.transport.decorator.EurekaHttpClientDecorator.cancel(EurekaHttpClientDecorator.java:71) [eureka-client-1.6.2.jar:1.6.2]
	at com.netflix.discovery.shared.transport.decorator.EurekaHttpClientDecorator$2.execute(EurekaHttpClientDecorator.java:74) [eureka-client-1.6.2.jar:1.6.2]
	at com.netflix.discovery.shared.transport.decorator.RedirectingEurekaHttpClient.executeOnNewServer(RedirectingEurekaHttpClient.java:118) ~[eureka-client-1.6.2.jar:1.6.2]
	at com.netflix.discovery.shared.transport.decorator.RedirectingEurekaHttpClient.execute(RedirectingEurekaHttpClient.java:79) ~[eureka-client-1.6.2.jar:1.6.2]
	at com.netflix.discovery.shared.transport.decorator.EurekaHttpClientDecorator.cancel(EurekaHttpClientDecorator.java:71) [eureka-client-1.6.2.jar:1.6.2]
	at com.netflix.discovery.shared.transport.decorator.EurekaHttpClientDecorator$2.execute(EurekaHttpClientDecorator.java:74) [eureka-client-1.6.2.jar:1.6.2]
	at com.netflix.discovery.shared.transport.decorator.RetryableEurekaHttpClient.execute(RetryableEurekaHttpClient.java:119) [eureka-client-1.6.2.jar:1.6.2]
	at com.netflix.discovery.shared.transport.decorator.EurekaHttpClientDecorator.cancel(EurekaHttpClientDecorator.java:71) [eureka-client-1.6.2.jar:1.6.2]
	at com.netflix.discovery.shared.transport.decorator.EurekaHttpClientDecorator$2.execute(EurekaHttpClientDecorator.java:74) [eureka-client-1.6.2.jar:1.6.2]
	at com.netflix.discovery.shared.transport.decorator.SessionedEurekaHttpClient.execute(SessionedEurekaHttpClient.java:77) [eureka-client-1.6.2.jar:1.6.2]
	at com.netflix.discovery.shared.transport.decorator.EurekaHttpClientDecorator.cancel(EurekaHttpClientDecorator.java:71) [eureka-client-1.6.2.jar:1.6.2]
	at com.netflix.discovery.DiscoveryClient.unregister(DiscoveryClient.java:885) [eureka-client-1.6.2.jar:1.6.2]
	at com.netflix.discovery.DiscoveryClient.shutdown(DiscoveryClient.java:863) [eureka-client-1.6.2.jar:1.6.2]
	at com.netflix.discovery.DiscoveryClient$$FastClassBySpringCGLIB$$a84c8cb4.invoke(<generated>) [eureka-client-1.6.2.jar:1.6.2]
	at org.springframework.cglib.proxy.MethodProxy.invoke(MethodProxy.java:204) [spring-core-4.3.10.RELEASE.jar:4.3.10.RELEASE]
	at org.springframework.aop.framework.CglibAopProxy$CglibMethodInvocation.invokeJoinpoint(CglibAopProxy.java:738) [spring-aop-4.3.10.RELEASE.jar:4.3.10.RELEASE]
	at org.springframework.aop.framework.ReflectiveMethodInvocation.proceed(ReflectiveMethodInvocation.java:157) [spring-aop-4.3.10.RELEASE.jar:4.3.10.RELEASE]
	at org.springframework.cloud.context.config.StandardBeanLifecycleDecorator$2.invoke(StandardBeanLifecycleDecorator.java:85) [spring-cloud-context-1.2.3.RELEASE.jar:1.2.3.RELEASE]
	at org.springframework.aop.framework.ReflectiveMethodInvocation.proceed(ReflectiveMethodInvocation.java:179) [spring-aop-4.3.10.RELEASE.jar:4.3.10.RELEASE]
	at org.springframework.aop.framework.CglibAopProxy$DynamicAdvisedInterceptor.intercept(CglibAopProxy.java:673) [spring-aop-4.3.10.RELEASE.jar:4.3.10.RELEASE]
	at org.springframework.cloud.netflix.eureka.CloudEurekaClient$$EnhancerBySpringCGLIB$$6ca771b8.shutdown(<generated>) [spring-cloud-netflix-eureka-client-1.3.2.RELEASE.jar:1.3.2.RELEASE]
	at org.springframework.cloud.netflix.eureka.serviceregistry.EurekaServiceRegistry.deregister(EurekaServiceRegistry.java:71) [spring-cloud-netflix-eureka-client-1.3.2.RELEASE.jar:1.3.2.RELEASE]
	at org.springframework.cloud.netflix.eureka.serviceregistry.EurekaAutoServiceRegistration.stop(EurekaAutoServiceRegistration.java:82) [spring-cloud-netflix-eureka-client-1.3.2.RELEASE.jar:1.3.2.RELEASE]
	at org.springframework.cloud.netflix.eureka.serviceregistry.EurekaAutoServiceRegistration.onApplicationEvent(EurekaAutoServiceRegistration.java:126) [spring-cloud-netflix-eureka-client-1.3.2.RELEASE.jar:1.3.2.RELEASE]
	at sun.reflect.NativeMethodAccessorImpl.invoke0(Native Method) ~[na:1.8.0_121]
	at sun.reflect.NativeMethodAccessorImpl.invoke(NativeMethodAccessorImpl.java:62) ~[na:1.8.0_121]
	at sun.reflect.DelegatingMethodAccessorImpl.invoke(DelegatingMethodAccessorImpl.java:43) ~[na:1.8.0_121]
	at java.lang.reflect.Method.invoke(Method.java:498) ~[na:1.8.0_121]
	at org.springframework.context.event.ApplicationListenerMethodAdapter.doInvoke(ApplicationListenerMethodAdapter.java:256) [spring-context-4.3.10.RELEASE.jar:4.3.10.RELEASE]
	at org.springframework.context.event.ApplicationListenerMethodAdapter.processEvent(ApplicationListenerMethodAdapter.java:177) [spring-context-4.3.10.RELEASE.jar:4.3.10.RELEASE]
	at org.springframework.context.event.ApplicationListenerMethodAdapter.onApplicationEvent(ApplicationListenerMethodAdapter.java:140) [spring-context-4.3.10.RELEASE.jar:4.3.10.RELEASE]
	at org.springframework.context.event.SimpleApplicationEventMulticaster.invokeListener(SimpleApplicationEventMulticaster.java:167) [spring-context-4.3.10.RELEASE.jar:4.3.10.RELEASE]
	at org.springframework.context.event.SimpleApplicationEventMulticaster.multicastEvent(SimpleApplicationEventMulticaster.java:139) [spring-context-4.3.10.RELEASE.jar:4.3.10.RELEASE]
	at org.springframework.context.support.AbstractApplicationContext.publishEvent(AbstractApplicationContext.java:393) [spring-context-4.3.10.RELEASE.jar:4.3.10.RELEASE]
	at org.springframework.context.support.AbstractApplicationContext.publishEvent(AbstractApplicationContext.java:347) [spring-context-4.3.10.RELEASE.jar:4.3.10.RELEASE]
	at org.springframework.context.support.AbstractApplicationContext.doClose(AbstractApplicationContext.java:991) [spring-context-4.3.10.RELEASE.jar:4.3.10.RELEASE]
	at org.springframework.context.support.AbstractApplicationContext$2.run(AbstractApplicationContext.java:929) [spring-context-4.3.10.RELEASE.jar:4.3.10.RELEASE]
Caused by: java.net.ConnectException: Connection refused (Connection refused)
	at java.net.PlainSocketImpl.socketConnect(Native Method) ~[na:1.8.0_121]
	at java.net.AbstractPlainSocketImpl.doConnect(AbstractPlainSocketImpl.java:350) ~[na:1.8.0_121]
	at java.net.AbstractPlainSocketImpl.connectToAddress(AbstractPlainSocketImpl.java:206) ~[na:1.8.0_121]
	at java.net.AbstractPlainSocketImpl.connect(AbstractPlainSocketImpl.java:188) ~[na:1.8.0_121]
	at java.net.SocksSocketImpl.connect(SocksSocketImpl.java:392) ~[na:1.8.0_121]
	at java.net.Socket.connect(Socket.java:589) ~[na:1.8.0_121]
	at org.apache.http.conn.scheme.PlainSocketFactory.connectSocket(PlainSocketFactory.java:121) ~[httpclient-4.5.3.jar:4.5.3]
	at org.apache.http.impl.conn.DefaultClientConnectionOperator.openConnection(DefaultClientConnectionOperator.java:180) ~[httpclient-4.5.3.jar:4.5.3]
	at org.apache.http.impl.conn.AbstractPoolEntry.open(AbstractPoolEntry.java:144) ~[httpclient-4.5.3.jar:4.5.3]
	at org.apache.http.impl.conn.AbstractPooledConnAdapter.open(AbstractPooledConnAdapter.java:134) ~[httpclient-4.5.3.jar:4.5.3]
	at org.apache.http.impl.client.DefaultRequestDirector.tryConnect(DefaultRequestDirector.java:610) ~[httpclient-4.5.3.jar:4.5.3]
	at org.apache.http.impl.client.DefaultRequestDirector.execute(DefaultRequestDirector.java:445) ~[httpclient-4.5.3.jar:4.5.3]
	at org.apache.http.impl.client.AbstractHttpClient.doExecute(AbstractHttpClient.java:835) ~[httpclient-4.5.3.jar:4.5.3]
	at org.apache.http.impl.client.CloseableHttpClient.execute(CloseableHttpClient.java:118) ~[httpclient-4.5.3.jar:4.5.3]
	at org.apache.http.impl.client.CloseableHttpClient.execute(CloseableHttpClient.java:56) ~[httpclient-4.5.3.jar:4.5.3]
	at com.sun.jersey.client.apache4.ApacheHttpClient4Handler.handle(ApacheHttpClient4Handler.java:173) ~[jersey-apache-client4-1.19.1.jar:1.19.1]
	... 46 common frames omitted

2018-07-07 15:01:00.226  WARN 99748 --- [DiscoveryClient-InstanceInfoReplicator-0] c.n.d.s.t.d.RetryableEurekaHttpClient    : Request execution failed with message: java.net.ConnectException: Connection refused (Connection refused)
2018-07-07 15:01:00.227  WARN 99748 --- [Thread-6] c.n.d.s.t.d.RetryableEurekaHttpClient    : Request execution failed with message: java.net.ConnectException: Connection refused (Connection refused)
2018-07-07 15:01:00.228 ERROR 99748 --- [Thread-6] com.netflix.discovery.DiscoveryClient    : DiscoveryClient_HAAPI/192.168.1.102:HaApi:8003 - de-registration failedCannot execute request on any known server

com.netflix.discovery.shared.transport.TransportException: Cannot execute request on any known server
	at com.netflix.discovery.shared.transport.decorator.RetryableEurekaHttpClient.execute(RetryableEurekaHttpClient.java:111) ~[eureka-client-1.6.2.jar:1.6.2]
	at com.netflix.discovery.shared.transport.decorator.EurekaHttpClientDecorator.cancel(EurekaHttpClientDecorator.java:71) ~[eureka-client-1.6.2.jar:1.6.2]
	at com.netflix.discovery.shared.transport.decorator.EurekaHttpClientDecorator$2.execute(EurekaHttpClientDecorator.java:74) ~[eureka-client-1.6.2.jar:1.6.2]
	at com.netflix.discovery.shared.transport.decorator.SessionedEurekaHttpClient.execute(SessionedEurekaHttpClient.java:77) ~[eureka-client-1.6.2.jar:1.6.2]
	at com.netflix.discovery.shared.transport.decorator.EurekaHttpClientDecorator.cancel(EurekaHttpClientDecorator.java:71) ~[eureka-client-1.6.2.jar:1.6.2]
	at com.netflix.discovery.DiscoveryClient.unregister(DiscoveryClient.java:885) [eureka-client-1.6.2.jar:1.6.2]
	at com.netflix.discovery.DiscoveryClient.shutdown(DiscoveryClient.java:863) [eureka-client-1.6.2.jar:1.6.2]
	at com.netflix.discovery.DiscoveryClient$$FastClassBySpringCGLIB$$a84c8cb4.invoke(<generated>) [eureka-client-1.6.2.jar:1.6.2]
	at org.springframework.cglib.proxy.MethodProxy.invoke(MethodProxy.java:204) [spring-core-4.3.10.RELEASE.jar:4.3.10.RELEASE]
	at org.springframework.aop.framework.CglibAopProxy$CglibMethodInvocation.invokeJoinpoint(CglibAopProxy.java:738) [spring-aop-4.3.10.RELEASE.jar:4.3.10.RELEASE]
	at org.springframework.aop.framework.ReflectiveMethodInvocation.proceed(ReflectiveMethodInvocation.java:157) [spring-aop-4.3.10.RELEASE.jar:4.3.10.RELEASE]
	at org.springframework.cloud.context.config.StandardBeanLifecycleDecorator$2.invoke(StandardBeanLifecycleDecorator.java:85) [spring-cloud-context-1.2.3.RELEASE.jar:1.2.3.RELEASE]
	at org.springframework.aop.framework.ReflectiveMethodInvocation.proceed(ReflectiveMethodInvocation.java:179) [spring-aop-4.3.10.RELEASE.jar:4.3.10.RELEASE]
	at org.springframework.aop.framework.CglibAopProxy$DynamicAdvisedInterceptor.intercept(CglibAopProxy.java:673) [spring-aop-4.3.10.RELEASE.jar:4.3.10.RELEASE]
	at org.springframework.cloud.netflix.eureka.CloudEurekaClient$$EnhancerBySpringCGLIB$$6ca771b8.shutdown(<generated>) [spring-cloud-netflix-eureka-client-1.3.2.RELEASE.jar:1.3.2.RELEASE]
	at org.springframework.cloud.netflix.eureka.serviceregistry.EurekaServiceRegistry.deregister(EurekaServiceRegistry.java:71) [spring-cloud-netflix-eureka-client-1.3.2.RELEASE.jar:1.3.2.RELEASE]
	at org.springframework.cloud.netflix.eureka.serviceregistry.EurekaAutoServiceRegistration.stop(EurekaAutoServiceRegistration.java:82) [spring-cloud-netflix-eureka-client-1.3.2.RELEASE.jar:1.3.2.RELEASE]
	at org.springframework.cloud.netflix.eureka.serviceregistry.EurekaAutoServiceRegistration.onApplicationEvent(EurekaAutoServiceRegistration.java:126) [spring-cloud-netflix-eureka-client-1.3.2.RELEASE.jar:1.3.2.RELEASE]
	at sun.reflect.NativeMethodAccessorImpl.invoke0(Native Method) ~[na:1.8.0_121]
	at sun.reflect.NativeMethodAccessorImpl.invoke(NativeMethodAccessorImpl.java:62) ~[na:1.8.0_121]
	at sun.reflect.DelegatingMethodAccessorImpl.invoke(DelegatingMethodAccessorImpl.java:43) ~[na:1.8.0_121]
	at java.lang.reflect.Method.invoke(Method.java:498) ~[na:1.8.0_121]
	at org.springframework.context.event.ApplicationListenerMethodAdapter.doInvoke(ApplicationListenerMethodAdapter.java:256) [spring-context-4.3.10.RELEASE.jar:4.3.10.RELEASE]
	at org.springframework.context.event.ApplicationListenerMethodAdapter.processEvent(ApplicationListenerMethodAdapter.java:177) [spring-context-4.3.10.RELEASE.jar:4.3.10.RELEASE]
	at org.springframework.context.event.ApplicationListenerMethodAdapter.onApplicationEvent(ApplicationListenerMethodAdapter.java:140) [spring-context-4.3.10.RELEASE.jar:4.3.10.RELEASE]
	at org.springframework.context.event.SimpleApplicationEventMulticaster.invokeListener(SimpleApplicationEventMulticaster.java:167) [spring-context-4.3.10.RELEASE.jar:4.3.10.RELEASE]
	at org.springframework.context.event.SimpleApplicationEventMulticaster.multicastEvent(SimpleApplicationEventMulticaster.java:139) [spring-context-4.3.10.RELEASE.jar:4.3.10.RELEASE]
	at org.springframework.context.support.AbstractApplicationContext.publishEvent(AbstractApplicationContext.java:393) [spring-context-4.3.10.RELEASE.jar:4.3.10.RELEASE]
	at org.springframework.context.support.AbstractApplicationContext.publishEvent(AbstractApplicationContext.java:347) [spring-context-4.3.10.RELEASE.jar:4.3.10.RELEASE]
	at org.springframework.context.support.AbstractApplicationContext.doClose(AbstractApplicationContext.java:991) [spring-context-4.3.10.RELEASE.jar:4.3.10.RELEASE]
	at org.springframework.context.support.AbstractApplicationContext$2.run(AbstractApplicationContext.java:929) [spring-context-4.3.10.RELEASE.jar:4.3.10.RELEASE]

2018-07-07 15:01:00.228  WARN 99748 --- [DiscoveryClient-InstanceInfoReplicator-0] com.netflix.discovery.DiscoveryClient    : DiscoveryClient_HAAPI/192.168.1.102:HaApi:8003 - registration failed Cannot execute request on any known server

com.netflix.discovery.shared.transport.TransportException: Cannot execute request on any known server
	at com.netflix.discovery.shared.transport.decorator.RetryableEurekaHttpClient.execute(RetryableEurekaHttpClient.java:111) ~[eureka-client-1.6.2.jar:1.6.2]
	at com.netflix.discovery.shared.transport.decorator.EurekaHttpClientDecorator.register(EurekaHttpClientDecorator.java:56) ~[eureka-client-1.6.2.jar:1.6.2]
	at com.netflix.discovery.shared.transport.decorator.EurekaHttpClientDecorator$1.execute(EurekaHttpClientDecorator.java:59) ~[eureka-client-1.6.2.jar:1.6.2]
	at com.netflix.discovery.shared.transport.decorator.SessionedEurekaHttpClient.execute(SessionedEurekaHttpClient.java:77) ~[eureka-client-1.6.2.jar:1.6.2]
	at com.netflix.discovery.shared.transport.decorator.EurekaHttpClientDecorator.register(EurekaHttpClientDecorator.java:56) ~[eureka-client-1.6.2.jar:1.6.2]
	at com.netflix.discovery.DiscoveryClient.register(DiscoveryClient.java:798) ~[eureka-client-1.6.2.jar:1.6.2]
	at com.netflix.discovery.InstanceInfoReplicator.run(InstanceInfoReplicator.java:104) [eureka-client-1.6.2.jar:1.6.2]
	at com.netflix.discovery.InstanceInfoReplicator$1.run(InstanceInfoReplicator.java:88) [eureka-client-1.6.2.jar:1.6.2]
	at java.util.concurrent.Executors$RunnableAdapter.call(Executors.java:511) [na:1.8.0_121]
	at java.util.concurrent.FutureTask.run(FutureTask.java:266) [na:1.8.0_121]
	at java.util.concurrent.ScheduledThreadPoolExecutor$ScheduledFutureTask.access$201(ScheduledThreadPoolExecutor.java:180) [na:1.8.0_121]
	at java.util.concurrent.ScheduledThreadPoolExecutor$ScheduledFutureTask.run(ScheduledThreadPoolExecutor.java:293) [na:1.8.0_121]
	at java.util.concurrent.ThreadPoolExecutor.runWorker(ThreadPoolExecutor.java:1142) [na:1.8.0_121]
	at java.util.concurrent.ThreadPoolExecutor$Worker.run(ThreadPoolExecutor.java:617) [na:1.8.0_121]
	at java.lang.Thread.run(Thread.java:745) [na:1.8.0_121]

2018-07-07 15:01:00.228  WARN 99748 --- [DiscoveryClient-InstanceInfoReplicator-0] c.n.discovery.InstanceInfoReplicator     : There was a problem with the instance info replicator

com.netflix.discovery.shared.transport.TransportException: Cannot execute request on any known server
	at com.netflix.discovery.shared.transport.decorator.RetryableEurekaHttpClient.execute(RetryableEurekaHttpClient.java:111) ~[eureka-client-1.6.2.jar:1.6.2]
	at com.netflix.discovery.shared.transport.decorator.EurekaHttpClientDecorator.register(EurekaHttpClientDecorator.java:56) ~[eureka-client-1.6.2.jar:1.6.2]
	at com.netflix.discovery.shared.transport.decorator.EurekaHttpClientDecorator$1.execute(EurekaHttpClientDecorator.java:59) ~[eureka-client-1.6.2.jar:1.6.2]
	at com.netflix.discovery.shared.transport.decorator.SessionedEurekaHttpClient.execute(SessionedEurekaHttpClient.java:77) ~[eureka-client-1.6.2.jar:1.6.2]
	at com.netflix.discovery.shared.transport.decorator.EurekaHttpClientDecorator.register(EurekaHttpClientDecorator.java:56) ~[eureka-client-1.6.2.jar:1.6.2]
	at com.netflix.discovery.DiscoveryClient.register(DiscoveryClient.java:798) ~[eureka-client-1.6.2.jar:1.6.2]
	at com.netflix.discovery.InstanceInfoReplicator.run(InstanceInfoReplicator.java:104) ~[eureka-client-1.6.2.jar:1.6.2]
	at com.netflix.discovery.InstanceInfoReplicator$1.run(InstanceInfoReplicator.java:88) [eureka-client-1.6.2.jar:1.6.2]
	at java.util.concurrent.Executors$RunnableAdapter.call(Executors.java:511) [na:1.8.0_121]
	at java.util.concurrent.FutureTask.run(FutureTask.java:266) [na:1.8.0_121]
	at java.util.concurrent.ScheduledThreadPoolExecutor$ScheduledFutureTask.access$201(ScheduledThreadPoolExecutor.java:180) [na:1.8.0_121]
	at java.util.concurrent.ScheduledThreadPoolExecutor$ScheduledFutureTask.run(ScheduledThreadPoolExecutor.java:293) [na:1.8.0_121]
	at java.util.concurrent.ThreadPoolExecutor.runWorker(ThreadPoolExecutor.java:1142) [na:1.8.0_121]
	at java.util.concurrent.ThreadPoolExecutor$Worker.run(ThreadPoolExecutor.java:617) [na:1.8.0_121]
	at java.lang.Thread.run(Thread.java:745) [na:1.8.0_121]

2018-07-07 15:01:00.235  INFO 99748 --- [Thread-6] com.netflix.discovery.DiscoveryClient    : Completed shut down of DiscoveryClient
2018-07-07 15:01:00.237  INFO 99748 --- [Thread-6] o.s.c.support.DefaultLifecycleProcessor  : Stopping beans in phase 0
2018-07-07 15:01:00.238  INFO 99748 --- [Thread-6] o.s.j.e.a.AnnotationMBeanExporter        : Unregistering JMX-exposed beans on shutdown
2018-07-07 15:01:00.238  INFO 99748 --- [Thread-6] o.s.j.e.a.AnnotationMBeanExporter        : Unregistering JMX-exposed beans
2018-07-07 15:01:00.253  WARN 99748 --- [Thread-6] c.n.c.sources.URLConfigurationSource     : No URLs will be polled as dynamic configuration sources.
2018-07-07 15:01:00.253  INFO 99748 --- [Thread-6] c.n.c.sources.URLConfigurationSource     : To enable URLs as dynamic configuration sources, define System property archaius.configurationSource.additionalUrls or make config.properties available on classpath.
